<?xml version="1.0" encoding="UTF-8"?>
<testsuite name="com.jubilee.workit.util.JwtUtilTest" tests="3" skipped="0" failures="0" errors="0" timestamp="2026-05-29T05:50:33.657Z" hostname="slee-MacBook-Air.local" time="0.053">
  <properties/>
  <testcase name="createAndParse_withBase64Secret_shouldSucceed()" classname="com.jubilee.workit.util.JwtUtilTest" time="0.052"/>
  <testcase name="createAndParse_withRawUtf8SecretOfSufficientLength_shouldSucceed()" classname="com.jubilee.workit.util.JwtUtilTest" time="0.001"/>
  <testcase name="constructor_withTooShortSecret_shouldThrow()" classname="com.jubilee.workit.util.JwtUtilTest" time="0.0"/>
  <system-out><![CDATA[2026-05-29T14:50:33.711+09:00 ERROR 69987 --- [workit] [    Test worker] com.jubilee.workit.util.JwtUtil          : JWT secret is too short. Provide at least 256 bits (32 bytes) key. Current length: 40 bits.
]]></system-out>
  <system-err><![CDATA[]]></system-err>
</testsuite>
