<?xml version="1.0" encoding="UTF-8"?>
<testsuite name="com.jubilee.workit.WorkitApplicationTests" tests="1" skipped="0" failures="0" errors="0" timestamp="2026-01-26T16:58:52.978Z" hostname="slee-MacBook-Air.local" time="0.194">
  <properties/>
  <testcase name="contextLoads()" classname="com.jubilee.workit.WorkitApplicationTests" time="0.194"/>
  <system-out><![CDATA[03:58:47.732 [Test worker] INFO org.springframework.test.context.support.AnnotationConfigContextLoaderUtils -- Could not detect default configuration classes for test class [com.jubilee.workit.WorkitApplicationTests]: WorkitApplicationTests does not declare any static, non-private, non-final, nested classes annotated with @Configuration.
03:58:47.762 [Test worker] INFO org.springframework.boot.test.context.SpringBootTestContextBootstrapper -- Found @SpringBootConfiguration com.jubilee.workit.WorkitApplication for test class com.jubilee.workit.WorkitApplicationTests

  .   ____          _            __ _ _
 /\\ / ___'_ __ _ _(_)_ __  __ _ \ \ \ \
( ( )\___ | '_ | '_| | '_ \/ _` | \ \ \ \
 \\/  ___)| |_)| | | | | || (_| |  ) ) ) )
  '  |____| .__|_| |_|_| |_\__, | / / / /
 =========|_|==============|___/=/_/_/_/

 :: Spring Boot ::                (v3.5.9)

2026-01-27T03:58:47.884+11:00  INFO 17031 --- [workit] [    Test worker] c.jubilee.workit.WorkitApplicationTests  : Starting WorkitApplicationTests using Java 17.0.17 with PID 17031 (started by sy in /Users/sy/Documents/project/apps/workit)
2026-01-27T03:58:47.885+11:00  INFO 17031 --- [workit] [    Test worker] c.jubilee.workit.WorkitApplicationTests  : No active profile set, falling back to 1 default profile: "default"
2026-01-27T03:58:48.164+11:00  INFO 17031 --- [workit] [    Test worker] .s.d.r.c.RepositoryConfigurationDelegate : Bootstrapping Spring Data JPA repositories in DEFAULT mode.
2026-01-27T03:58:48.178+11:00  INFO 17031 --- [workit] [    Test worker] .s.d.r.c.RepositoryConfigurationDelegate : Finished Spring Data repository scanning in 11 ms. Found 1 JPA repository interface.
2026-01-27T03:58:48.298+11:00  INFO 17031 --- [workit] [    Test worker] o.hibernate.jpa.internal.util.LogHelper  : HHH000204: Processing PersistenceUnitInfo [name: default]
2026-01-27T03:58:48.313+11:00  INFO 17031 --- [workit] [    Test worker] org.hibernate.Version                    : HHH000412: Hibernate ORM core version 6.6.39.Final
2026-01-27T03:58:48.325+11:00  INFO 17031 --- [workit] [    Test worker] o.h.c.internal.RegionFactoryInitiator    : HHH000026: Second-level cache disabled
2026-01-27T03:58:48.395+11:00  INFO 17031 --- [workit] [    Test worker] o.s.o.j.p.SpringPersistenceUnitInfo      : No LoadTimeWeaver setup: ignoring JPA class transformer
2026-01-27T03:58:48.404+11:00  INFO 17031 --- [workit] [    Test worker] com.zaxxer.hikari.HikariDataSource       : HikariPool-1 - Starting...
2026-01-27T03:58:50.929+11:00  INFO 17031 --- [workit] [    Test worker] com.zaxxer.hikari.pool.HikariPool        : HikariPool-1 - Added connection com.mysql.cj.jdbc.ConnectionImpl@675230cd
2026-01-27T03:58:50.933+11:00  INFO 17031 --- [workit] [    Test worker] com.zaxxer.hikari.HikariDataSource       : HikariPool-1 - Start completed.
2026-01-27T03:58:51.482+11:00  INFO 17031 --- [workit] [    Test worker] org.hibernate.orm.connections.pooling    : HHH10001005: Database info:
	Database JDBC URL [Connecting through datasource 'HikariDataSource (HikariPool-1)']
	Database driver: undefined/unknown
	Database version: 8.0.44
	Autocommit mode: undefined/unknown
	Isolation level: undefined/unknown
	Minimum pool size: undefined/unknown
	Maximum pool size: undefined/unknown
2026-01-27T03:58:51.709+11:00  INFO 17031 --- [workit] [    Test worker] o.h.e.t.j.p.i.JtaPlatformInitiator       : HHH000489: No JTA platform available (set 'hibernate.transaction.jta.platform' to enable JTA platform integration)
2026-01-27T03:58:52.590+11:00  INFO 17031 --- [workit] [    Test worker] j.LocalContainerEntityManagerFactoryBean : Initialized JPA EntityManagerFactory for persistence unit 'default'
2026-01-27T03:58:52.754+11:00  WARN 17031 --- [workit] [    Test worker] JpaBaseConfiguration$JpaWebConfiguration : spring.jpa.open-in-view is enabled by default. Therefore, database queries may be performed during view rendering. Explicitly configure spring.jpa.open-in-view to disable this warning
2026-01-27T03:58:52.767+11:00  INFO 17031 --- [workit] [    Test worker] o.s.v.b.OptionalValidatorFactoryBean     : Failed to set up a Bean Validation provider: jakarta.validation.NoProviderFoundException: Unable to create a Configuration, because no Jakarta Bean Validation provider could be found. Add a provider like Hibernate Validator (RI) to your classpath.
2026-01-27T03:58:52.939+11:00  INFO 17031 --- [workit] [    Test worker] o.s.b.a.e.web.EndpointLinksResolver      : Exposing 2 endpoints beneath base path '/actuator'
2026-01-27T03:58:52.963+11:00  INFO 17031 --- [workit] [    Test worker] c.jubilee.workit.WorkitApplicationTests  : Started WorkitApplicationTests in 5.163 seconds (process running for 5.493)
]]></system-out>
  <system-err><![CDATA[]]></system-err>
</testsuite>
